<?xml version="1.0" encoding="UTF-8"?>
<testng-results ignored="0" total="2" passed="2" failed="0" skipped="0">
  <reporter-output>
  </reporter-output>
  <suite started-at="2023-06-27T18:46:50 EDT" name="Suite" finished-at="2023-06-27T18:46:59 EDT" duration-ms="8966">
    <groups>
      <group name="cucumber">
        <method signature="AbstractTestNGCucumberTests.runScenario(io.cucumber.testng.PickleWrapper,io.cucumber.testng.FeatureWrapper)[pri:0, instance:com.regression.CucumberRunner@35cabb2a]" name="runScenario" class="io.cucumber.testng.AbstractTestNGCucumberTests"/>
      </group> <!-- cucumber -->
    </groups>
    <test started-at="2023-06-27T18:46:50 EDT" name="Test" finished-at="2023-06-27T18:46:59 EDT" duration-ms="8966">
      <class name="com.regression.CucumberRunner">
        <test-method is-config="true" signature="setUpClass(org.testng.ITestContext)[pri:0, instance:com.regression.CucumberRunner@35cabb2a]" started-at="2023-06-27T18:46:50 EDT" name="setUpClass" finished-at="2023-06-27T18:46:50 EDT" duration-ms="337" status="PASS">
          <params>
            <param index="0">
              <value>
                <![CDATA[org.testng.TestRunner@6f8aba08]]>
              </value>
            </param>
          </params>
          <reporter-output>
          </reporter-output>
        </test-method> <!-- setUpClass -->
        <test-method signature="runScenario(io.cucumber.testng.PickleWrapper,io.cucumber.testng.FeatureWrapper)[pri:0, instance:com.regression.CucumberRunner@35cabb2a]" started-at="2023-06-27T18:46:50 EDT" name="runScenario" description="Runs Cucumber Scenarios" data-provider="scenarios" finished-at="2023-06-27T18:46:55 EDT" duration-ms="4650" status="PASS">
          <params>
            <param index="0">
              <value>
                <![CDATA["Check login with valid credential"]]>
              </value>
            </param>
            <param index="1">
              <value>
                <![CDATA["Online Banking application login function"]]>
              </value>
            </param>
          </params>
          <reporter-output>
          </reporter-output>
        </test-method> <!-- runScenario -->
        <test-method signature="runScenario(io.cucumber.testng.PickleWrapper,io.cucumber.testng.FeatureWrapper)[pri:0, instance:com.regression.CucumberRunner@35cabb2a]" started-at="2023-06-27T18:46:55 EDT" name="runScenario" description="Runs Cucumber Scenarios" data-provider="scenarios" finished-at="2023-06-27T18:46:59 EDT" duration-ms="3463" status="PASS">
          <params>
            <param index="0">
              <value>
                <![CDATA["Check Login function with invalid creadential"]]>
              </value>
            </param>
            <param index="1">
              <value>
                <![CDATA["Online Banking application login function"]]>
              </value>
            </param>
          </params>
          <reporter-output>
          </reporter-output>
        </test-method> <!-- runScenario -->
        <test-method is-config="true" signature="tearDownClass()[pri:0, instance:com.regression.CucumberRunner@35cabb2a]" started-at="2023-06-27T18:46:59 EDT" name="tearDownClass" finished-at="2023-06-27T18:46:59 EDT" duration-ms="461" status="PASS">
          <reporter-output>
          </reporter-output>
        </test-method> <!-- tearDownClass -->
      </class> <!-- com.regression.CucumberRunner -->
    </test> <!-- Test -->
  </suite> <!-- Suite -->
</testng-results>
