<?xml version="1.0" encoding="UTF-8"?>
<testng-results ignored="0" total="2" passed="2" failed="0" skipped="0">
  <reporter-output>
  </reporter-output>
  <suite started-at="2023-06-27T18:51:41 EDT" name="Default suite" finished-at="2023-06-27T18:51:47 EDT" duration-ms="5939">
    <groups>
      <group name="cucumber">
        <method signature="AbstractTestNGCucumberTests.runScenario(io.cucumber.testng.PickleWrapper,io.cucumber.testng.FeatureWrapper)[pri:0, instance:com.regression.CucumberRunner@55fe41ea]" name="runScenario" class="io.cucumber.testng.AbstractTestNGCucumberTests"/>
      </group> <!-- cucumber -->
    </groups>
    <test started-at="2023-06-27T18:51:41 EDT" name="Default test" finished-at="2023-06-27T18:51:47 EDT" duration-ms="5939">
      <class name="com.regression.CucumberRunner">
        <test-method is-config="true" signature="setUpClass(org.testng.ITestContext)[pri:0, instance:com.regression.CucumberRunner@55fe41ea]" started-at="2023-06-27T18:51:41 EDT" name="setUpClass" finished-at="2023-06-27T18:51:41 EDT" duration-ms="350" status="PASS">
          <params>
            <param index="0">
              <value>
                <![CDATA[org.testng.TestRunner@31db34da]]>
              </value>
            </param>
          </params>
          <reporter-output>
          </reporter-output>
        </test-method> <!-- setUpClass -->
        <test-method signature="runScenario(io.cucumber.testng.PickleWrapper,io.cucumber.testng.FeatureWrapper)[pri:0, instance:com.regression.CucumberRunner@55fe41ea]" started-at="2023-06-27T18:51:41 EDT" name="runScenario" description="Runs Cucumber Scenarios" data-provider="scenarios" finished-at="2023-06-27T18:51:45 EDT" duration-ms="3734" status="PASS">
          <params>
            <param index="0">
              <value>
                <![CDATA["Check login with valid credential"]]>
              </value>
            </param>
            <param index="1">
              <value>
                <![CDATA["Online Banking application login function"]]>
              </value>
            </param>
          </params>
          <reporter-output>
          </reporter-output>
        </test-method> <!-- runScenario -->
        <test-method signature="runScenario(io.cucumber.testng.PickleWrapper,io.cucumber.testng.FeatureWrapper)[pri:0, instance:com.regression.CucumberRunner@55fe41ea]" started-at="2023-06-27T18:51:45 EDT" name="runScenario" description="Runs Cucumber Scenarios" data-provider="scenarios" finished-at="2023-06-27T18:51:47 EDT" duration-ms="1550" status="PASS">
          <params>
            <param index="0">
              <value>
                <![CDATA["Check Login function with invalid creadential"]]>
              </value>
            </param>
            <param index="1">
              <value>
                <![CDATA["Online Banking application login function"]]>
              </value>
            </param>
          </params>
          <reporter-output>
          </reporter-output>
        </test-method> <!-- runScenario -->
        <test-method is-config="true" signature="tearDownClass()[pri:0, instance:com.regression.CucumberRunner@55fe41ea]" started-at="2023-06-27T18:51:47 EDT" name="tearDownClass" finished-at="2023-06-27T18:51:47 EDT" duration-ms="241" status="PASS">
          <reporter-output>
          </reporter-output>
        </test-method> <!-- tearDownClass -->
      </class> <!-- com.regression.CucumberRunner -->
    </test> <!-- Default test -->
  </suite> <!-- Default suite -->
</testng-results>
