<?xml version="1.0" encoding="UTF-8"?>
<testng-results ignored="0" total="1" passed="1" failed="0" skipped="0">
  <reporter-output>
  </reporter-output>
  <suite started-at="2023-07-25T21:53:21 EDT" name="Default suite" finished-at="2023-07-25T21:53:21 EDT" duration-ms="84">
    <groups>
    </groups>
    <test started-at="2023-07-25T21:53:21 EDT" name="Default test" finished-at="2023-07-25T21:53:21 EDT" duration-ms="84">
      <class name="com.TestNG35.TestNGCoding">
        <test-method is-config="true" signature="LaunchBrowser()[pri:0, instance:com.TestNG35.TestNGCoding@dd05255]" started-at="2023-07-25T21:53:21 EDT" name="LaunchBrowser" finished-at="2023-07-25T21:53:21 EDT" duration-ms="16" status="PASS">
          <reporter-output>
          </reporter-output>
        </test-method> <!-- LaunchBrowser -->
        <test-method is-config="true" signature="EnterURL()[pri:0, instance:com.TestNG35.TestNGCoding@dd05255]" started-at="2023-07-25T21:53:21 EDT" name="EnterURL" finished-at="2023-07-25T21:53:21 EDT" duration-ms="1" status="PASS">
          <reporter-output>
          </reporter-output>
        </test-method> <!-- EnterURL -->
        <test-method is-config="true" signature="Login()[pri:0, instance:com.TestNG35.TestNGCoding@dd05255]" started-at="2023-07-25T21:53:21 EDT" name="Login" finished-at="2023-07-25T21:53:21 EDT" duration-ms="2" status="PASS">
          <reporter-output>
          </reporter-output>
        </test-method> <!-- Login -->
        <test-method signature="TestExecucation()[pri:0, instance:com.TestNG35.TestNGCoding@dd05255]" started-at="2023-07-25T21:53:21 EDT" name="TestExecucation" finished-at="2023-07-25T21:53:21 EDT" duration-ms="7" status="PASS">
          <reporter-output>
          </reporter-output>
        </test-method> <!-- TestExecucation -->
      </class> <!-- com.TestNG35.TestNGCoding -->
    </test> <!-- Default test -->
  </suite> <!-- Default suite -->
</testng-results>
